Using pre-set license
Built from '2020.3/staging' branch; Version is '2020.3.30f1 (1fb1bf06830e) revision 2077119'; Using compiler version '192528614'; Build Type 'Release'
OS: 'Windows 11  (10.0.22000) 64bit Core' Language: 'en' Physical Memory: 16026 MB
BatchMode: 1, IsHumanControllingUs: 0, StartBugReporterOnCrash: 0, Is64bit: 1, IsPro: 0

COMMAND LINE ARGUMENTS:
C:\Program Files\Unity\Hub\Editor\2020.3.30f1\Editor\Unity.exe
-adb2
-batchMode
-noUpm
-name
AssetImportWorker0
-projectPath
C:/Welch Computer/Lanscape-MTEC-Project/My project
-logFile
Logs/AssetImportWorker0.log
-srvPort
51282
Successfully changed project path to: C:/Welch Computer/Lanscape-MTEC-Project/My project
C:/Welch Computer/Lanscape-MTEC-Project/My project
Using Asset Import Pipeline V2.
Refreshing native plugins compatible for Editor in 25.24 ms, found 2 plugins.
Preloading 0 native plugins for Editor in 0.00 ms.
Initialize engine version: 2020.3.30f1 (1fb1bf06830e)
[Subsystems] Discovering subsystems at path C:/Program Files/Unity/Hub/Editor/2020.3.30f1/Editor/Data/Resources/UnitySubsystems
[Subsystems] Discovering subsystems at path C:/Welch Computer/Lanscape-MTEC-Project/My project/Assets
GfxDevice: creating device client; threaded=0
Direct3D:
    Version:  Direct3D 11.0 [level 11.1]
    Renderer: Intel(R) Iris(R) Xe Graphics (ID=0x9a49)
    Vendor:   
    VRAM:     8013 MB
    Driver:   30.0.101.1029
Initialize mono
Mono path[0] = 'C:/Program Files/Unity/Hub/Editor/2020.3.30f1/Editor/Data/Managed'
Mono path[1] = 'C:/Program Files/Unity/Hub/Editor/2020.3.30f1/Editor/Data/MonoBleedingEdge/lib/mono/unityjit'
Mono config path = 'C:/Program Files/Unity/Hub/Editor/2020.3.30f1/Editor/Data/MonoBleedingEdge/etc'
Using monoOptions --debugger-agent=transport=dt_socket,embedding=1,server=y,suspend=n,address=127.0.0.1:56508
Begin MonoManager ReloadAssembly
Registering precompiled unity dll's ...
Register platform support module: C:/Program Files/Unity/Hub/Editor/2020.3.30f1/Editor/Data/PlaybackEngines/WindowsStandaloneSupport/UnityEditor.WindowsStandalone.Extensions.dll
Registered in 0.001176 seconds.
Native extension for WindowsStandalone target not found
Refreshing native plugins compatible for Editor in 24.37 ms, found 2 plugins.
Preloading 0 native plugins for Editor in 0.00 ms.
Mono: successfully reloaded assembly
- Completed reload, in  0.464 seconds
Domain Reload Profiling:
	ReloadAssembly (464ms)
		BeginReloadAssembly (56ms)
			ExecutionOrderSort (0ms)
			DisableScriptedObjects (0ms)
			BackupInstance (0ms)
			ReleaseScriptingObjects (0ms)
			CreateAndSetChildDomain (1ms)
		EndReloadAssembly (347ms)
			LoadAssemblies (54ms)
			RebuildTransferFunctionScriptingTraits (0ms)
			SetupTypeCache (120ms)
			ReleaseScriptCaches (0ms)
			RebuildScriptCaches (23ms)
			SetupLoadedEditorAssemblies (123ms)
				LogAssemblyErrors (0ms)
				InitializePlatformSupportModulesInManaged (3ms)
				SetLoadedEditorAssemblies (0ms)
				RefreshPlugins (24ms)
				BeforeProcessingInitializeOnLoad (14ms)
				ProcessInitializeOnLoadAttributes (61ms)
				ProcessInitializeOnLoadMethodAttributes (20ms)
				AfterProcessingInitializeOnLoad (0ms)
				EditorAssembliesLoaded (0ms)
			ExecutionOrderSort2 (0ms)
			AwakeInstancesAfterBackupRestoration (0ms)
Platform modules already initialized, skipping
Registering precompiled user dll's ...
Registered in 0.003252 seconds.
Begin MonoManager ReloadAssembly
Native extension for WindowsStandalone target not found
Refreshing native plugins compatible for Editor in 0.29 ms, found 2 plugins.
Preloading 0 native plugins for Editor in 0.00 ms.
Mono: successfully reloaded assembly
- Completed reload, in  0.714 seconds
Domain Reload Profiling:
	ReloadAssembly (715ms)
		BeginReloadAssembly (105ms)
			ExecutionOrderSort (0ms)
			DisableScriptedObjects (4ms)
			BackupInstance (0ms)
			ReleaseScriptingObjects (0ms)
			CreateAndSetChildDomain (14ms)
		EndReloadAssembly (566ms)
			LoadAssemblies (65ms)
			RebuildTransferFunctionScriptingTraits (0ms)
			SetupTypeCache (190ms)
			ReleaseScriptCaches (0ms)
			RebuildScriptCaches (30ms)
			SetupLoadedEditorAssemblies (214ms)
				LogAssemblyErrors (0ms)
				InitializePlatformSupportModulesInManaged (3ms)
				SetLoadedEditorAssemblies (0ms)
				RefreshPlugins (0ms)
				BeforeProcessingInitializeOnLoad (56ms)
				ProcessInitializeOnLoadAttributes (145ms)
				ProcessInitializeOnLoadMethodAttributes (7ms)
				AfterProcessingInitializeOnLoad (3ms)
				EditorAssembliesLoaded (0ms)
			ExecutionOrderSort2 (0ms)
			AwakeInstancesAfterBackupRestoration (4ms)
Platform modules already initialized, skipping
========================================================================
Worker process is ready to serve import requests
Launched and connected shader compiler UnityShaderCompiler.exe after 0.03 seconds
Refreshing native plugins compatible for Editor in 0.29 ms, found 2 plugins.
Preloading 0 native plugins for Editor in 0.00 ms.
Unloading 1504 Unused Serialized files (Serialized files now loaded: 0)
System memory in use before: 83.2 MB.
System memory in use after: 83.3 MB.

Unloading 16 unused Assets to reduce memory usage. Loaded Objects now: 1958.
Total: 1.846400 ms (FindLiveObjects: 0.084400 ms CreateObjectMapping: 0.024000 ms MarkObjects: 1.664100 ms  DeleteObjects: 0.071100 ms)

AssetImportParameters requested are different than current active one (requested -> active):
  custom:framework-win-MediaFoundation: 216162199b28c13a410421893ffa2e32 -> 
  custom:video-decoder-ogg-theora: a1e56fd34408186e4bbccfd4996cb3dc -> 
  custom:container-muxer-webm: aa71ff27fc2769a1b78a27578f13a17b -> 
  custom:container-demuxer-webm: 4f35f7cbe854078d1ac9338744f61a02 -> 
  custom:container-demuxer-ogg: 62fdf1f143b41e24485cea50d1cbac27 -> 
  custom:video-encoder-webm-vp8: eb34c28f22e8b96e1ab97ce403110664 -> 
  custom:video-decoder-webm-vp8: 9c59270c3fd7afecdb556c50c9e8de78 -> 
  custom:audio-decoder-ogg-vorbis: bf7c407c2cedff20999df2af8eb42d56 -> 
  custom:audio-encoder-webm-vorbis: bf7c407c2cedff20999df2af8eb42d56 -> 
========================================================================
Received Import Request.
  path: Assets/TerrainData_cabf7e71-d61b-43d3-aa48-351b4f440c91.asset
  artifactKey: Guid(a1a7c8d403333a842802f15daab3ec87) Importer(815301076,1909f56bfc062723c751e8b465ee728b)
Start importing Assets/TerrainData_cabf7e71-d61b-43d3-aa48-351b4f440c91.asset using Guid(a1a7c8d403333a842802f15daab3ec87) Importer(815301076,1909f56bfc062723c751e8b465ee728b)  -> (artifact id: '45aab712f29a0fd6963d37f58502a66e') in 0.032997 seconds 
========================================================================
Received Import Request.
  Time since last request: 0.000513 seconds.
  path: Assets/TerrainData_91d231c2-f8da-46fc-aa89-b1f64ea78056.asset
  artifactKey: Guid(6d50edd3ef5a14647ab16f4ff33503f8) Importer(815301076,1909f56bfc062723c751e8b465ee728b)
Start importing Assets/TerrainData_91d231c2-f8da-46fc-aa89-b1f64ea78056.asset using Guid(6d50edd3ef5a14647ab16f4ff33503f8) Importer(815301076,1909f56bfc062723c751e8b465ee728b)  -> (artifact id: '0db5420e54889ecf9e88502b475cc5fa') in 0.015656 seconds 
========================================================================
Received Import Request.
  Time since last request: 0.000407 seconds.
  path: Assets/TerrainData_32e847e8-3455-497b-97cf-3176f4daa351.asset
  artifactKey: Guid(5452d043f5140fa44a13097ebc0bc128) Importer(815301076,1909f56bfc062723c751e8b465ee728b)
Start importing Assets/TerrainData_32e847e8-3455-497b-97cf-3176f4daa351.asset using Guid(5452d043f5140fa44a13097ebc0bc128) Importer(815301076,1909f56bfc062723c751e8b465ee728b)  -> (artifact id: '71e79a3754d141c6812a67470ab12c57') in 0.049632 seconds 
========================================================================
Received Import Request.
  Time since last request: 0.000248 seconds.
  path: Assets/TerrainData_a9a147ac-1bc8-4e29-b985-05619897cad8.asset
  artifactKey: Guid(37ea1ec8262de344ebdff89c9258b5af) Importer(815301076,1909f56bfc062723c751e8b465ee728b)
Start importing Assets/TerrainData_a9a147ac-1bc8-4e29-b985-05619897cad8.asset using Guid(37ea1ec8262de344ebdff89c9258b5af) Importer(815301076,1909f56bfc062723c751e8b465ee728b)  -> (artifact id: 'b0725f3f6772a2ee2dbab011dd0e9066') in 0.014580 seconds 
========================================================================
Received Import Request.
  Time since last request: 0.000369 seconds.
  path: Assets/TerrainData_2960a0ba-9446-4c95-b37a-609a81079b10.asset
  artifactKey: Guid(213af44d7ccc3d843bfbcc228c861b66) Importer(815301076,1909f56bfc062723c751e8b465ee728b)
Start importing Assets/TerrainData_2960a0ba-9446-4c95-b37a-609a81079b10.asset using Guid(213af44d7ccc3d843bfbcc228c861b66) Importer(815301076,1909f56bfc062723c751e8b465ee728b)  -> (artifact id: '4fd07ecd476331df63f40bf6f0566035') in 0.012370 seconds 
========================================================================
Received Import Request.
  Time since last request: 0.000443 seconds.
  path: Assets/TerrainData_1c1ec726-7b51-4b15-a504-1e0947f8c5b4.asset
  artifactKey: Guid(c76104ae1a3f6644c896db99790cb976) Importer(815301076,1909f56bfc062723c751e8b465ee728b)
Start importing Assets/TerrainData_1c1ec726-7b51-4b15-a504-1e0947f8c5b4.asset using Guid(c76104ae1a3f6644c896db99790cb976) Importer(815301076,1909f56bfc062723c751e8b465ee728b)  -> (artifact id: '1d6635fcc2e646159082eedce2379ed8') in 0.013801 seconds 
========================================================================
Received Import Request.
  Time since last request: 0.000295 seconds.
  path: Assets/TerrainData_97f78094-df15-4166-8b6a-d33dccca8432.asset
  artifactKey: Guid(f9e7419c1225d9744befaa5190d2bc85) Importer(815301076,1909f56bfc062723c751e8b465ee728b)
Start importing Assets/TerrainData_97f78094-df15-4166-8b6a-d33dccca8432.asset using Guid(f9e7419c1225d9744befaa5190d2bc85) Importer(815301076,1909f56bfc062723c751e8b465ee728b)  -> (artifact id: 'e67cb883c3f8b1e0bb046fb274818508') in 0.012200 seconds 
========================================================================
Received Import Request.
  Time since last request: 0.000272 seconds.
  path: Assets/TerrainData_13ebfef8-183f-4eeb-a1fa-2a4106d2bd3a.asset
  artifactKey: Guid(4cb95f7d015977846b2daecce6daaa76) Importer(815301076,1909f56bfc062723c751e8b465ee728b)
Start importing Assets/TerrainData_13ebfef8-183f-4eeb-a1fa-2a4106d2bd3a.asset using Guid(4cb95f7d015977846b2daecce6daaa76) Importer(815301076,1909f56bfc062723c751e8b465ee728b)  -> (artifact id: 'dd14b1d2277313b89ba1f63287933fbc') in 0.014655 seconds 
========================================================================
Received Import Request.
  Time since last request: 0.000321 seconds.
  path: Assets/New Terrain.asset
  artifactKey: Guid(68b56c969a08e594398df833a7adf13c) Importer(815301076,1909f56bfc062723c751e8b465ee728b)
Start importing Assets/New Terrain.asset using Guid(68b56c969a08e594398df833a7adf13c) Importer(815301076,1909f56bfc062723c751e8b465ee728b)  -> (artifact id: 'ffc3d11fee8ef1fedba5345362d3a8a2') in 0.018531 seconds 
AssetImportWorkerClient::OnTransportError - code=2 error=End of file
